Arguments: 
  /usr/local/Cellar/node/15.11.0/bin/node /usr/local/Cellar/yarn/1.22.10/libexec/bin/yarn.js update

PATH: 
  /Users/odys/.poetry/bin:/Users/odys/.rbenv/shims:/Users/odys/.radicle/bin:/usr/local/bin:/usr/bin:/bin:/usr/sbin:/sbin:/Users/odys/.rbenv/shims:/Users/odys/.radicle/bin

Yarn version: 
  1.22.10

Node version: 
  15.11.0

Platform: 
  darwin x64

Trace: 
  SyntaxError: /Users/odys/Github/odyslam.com/gatsby/package.json: Unexpected token / in JSON at position 179
      at JSON.parse (<anonymous>)
      at /usr/local/Cellar/yarn/1.22.10/libexec/lib/cli.js:1625:59
      at Generator.next (<anonymous>)
      at step (/usr/local/Cellar/yarn/1.22.10/libexec/lib/cli.js:310:30)
      at /usr/local/Cellar/yarn/1.22.10/libexec/lib/cli.js:321:13

npm manifest: 
  {
    "name": "odyslam.com",
    "version": "1.0.0",
    "private": true,
    "description": "odyslam.com",
    "author": "odyslam",
    "keywords": [
      "gatsby"
    ],
    "resolutions":{
      // "gatsby-transformer-sharp/graphql": "1",
      "express-graphq/graphql": "14.4.1"
    },
    "scripts": {
      "develop": "gatsby develop",
      "start": "gatsby develop",
      "build": "gatsby build",
      "serve": "gatsby serve",
      "clean": "gatsby clean"
    },
    "dependencies": {
      "@antv/g6": "^4.2.7",
      "@mdx-js/mdx": "^1.6.22",
      "@mdx-js/react": "^1.6.22",
      "@tailwindcss/typography": "^0.4.0",
      "@tailwindui/react": "^0.1.1",
      "gatsby": "^3.2.1",
      "gatsby-plugin-feed": "^3.3.0",
      "gatsby-plugin-google-analytics": "^3.3.0",
      "gatsby-plugin-image": "^1.3.0",
      "gatsby-plugin-manifest": "^3.7.0",
      "gatsby-plugin-mdx": "^2.3.0",
      "gatsby-plugin-mdx-frontmatter": "^0.0.4",
      "gatsby-plugin-page-creator": "^3.3.0",
      "gatsby-plugin-react-helmet": "^4.3.0",
      "gatsby-plugin-sharp": "^3.7.0",
      "gatsby-plugin-sitemap": "^3.3.0",
      "gatsby-remark-images": "^5.1.0",
      "gatsby-remark-images-contentful": "^4.4.0",
      "gatsby-remark-prismjs": "^5.0.0",
      "gatsby-source-contentful": "^5.7.0",
      "gatsby-source-filesystem": "^3.3.0",
      "gatsby-transformer-remark": "^4.1.0",
      "gatsby-transformer-sharp": "^3.7.0",
      "gatsby-transformer-sqip": "^3.7.0",
      "graphql": "^14.4.1",
      "mdx-utils": "^0.2.0",
      "prism-react-renderer": "^1.2.0",
      "prismjs": "^1.23.0",
      "react": "^16.14.0",
      "react-dom": "^16.14.0",
      "react-graph-vis": "^1.0.7",
      "react-helmet": "^6.1.0",
      "react-tsparticles": "^1.26.3",
      "undefined": "file:../..",
      "uuid": "^8.0.0"
    },
    "devDependencies": {
      "autoprefixer": "^10.2.5",
      "gatsby-plugin-postcss": "^4.3.0",
      "postcss": "^8.2.10",
      "tailwindcss": "^2.1.1"
    }
  }

yarn manifest: 
  No manifest

Lockfile: 
  No lockfile
